<?xml version="1.0" encoding="UTF-8"?>
<testng-results skipped="0" failed="0" total="1" passed="1">
  <reporter-output>
  </reporter-output>
  <suite name="Sample test Suite" duration-ms="80" started-at="2015-12-25T06:15:51Z" finished-at="2015-12-25T06:15:51Z">
    <groups>
    </groups>
    <test name="Sample test" duration-ms="80" started-at="2015-12-25T06:15:51Z" finished-at="2015-12-25T06:15:51Z">
      <class name="SampleTest">
        <test-method status="PASS" signature="testPrintMessage()[pri:0, instance:SampleTest@c42916]" name="testPrintMessage" duration-ms="30" started-at="2015-12-25T14:15:51Z" finished-at="2015-12-25T14:15:51Z">
          <reporter-output>
          </reporter-output>
        </test-method> <!-- testPrintMessage -->
      </class> <!-- SampleTest -->
    </test> <!-- Sample test -->
  </suite> <!-- Sample test Suite -->
</testng-results>
